This is pdfTeX, Version 3.14159265-2.6-1.40.20 (MiKTeX 2.9.7250 64-bit) (preloaded format=pdflatex 2019.12.24)  24 DEC 2019 21:26
entering extended mode
**./tesi.tex
(tesi.tex
LaTeX2e <2019-10-01> patch level 3
("C:\Users\Manuela\AppData\Local\Programs\MiKTeX 2.9\tex/latex/base\report.cls"
Document Class: report 2019/10/25 v1.4k Standard LaTeX document class
("C:\Users\Manuela\AppData\Local\Programs\MiKTeX 2.9\tex/latex/base\size11.clo"
File: size11.clo 2019/10/25 v1.4k Standard LaTeX file (size option)
)
\c@part=\count80
\c@chapter=\count81
\c@section=\count82
\c@subsection=\count83
\c@subsubsection=\count84
\c@paragraph=\count85
\c@subparagraph=\count86
\c@figure=\count87
\c@table=\count88
\abovecaptionskip=\skip41
\belowcaptionskip=\skip42
\bibindent=\dimen102
) (ia_urb_thesis.sty
Document Style Option `ia_urb_thesis' for latex2e <$Date: 18/10/2004 $>.
Fulfill the thesis stile of Applied Computer Science - University of Urbino

("C:\Users\Manuela\AppData\Local\Programs\MiKTeX 2.9\tex/latex/setspace\setspac
e.sty"
Package: setspace 2011/12/19 v6.7a set line spacing
)
("C:\Users\Manuela\AppData\Local\Programs\MiKTeX 2.9\tex/latex/graphics\graphic
x.sty"
Package: graphicx 2017/06/01 v1.1a Enhanced LaTeX Graphics (DPC,SPQR)

("C:\Users\Manuela\AppData\Local\Programs\MiKTeX 2.9\tex/latex/graphics\keyval.
sty"
Package: keyval 2014/10/28 v1.15 key=value parser (DPC)
\KV@toks@=\toks14
)
("C:\Users\Manuela\AppData\Local\Programs\MiKTeX 2.9\tex/latex/graphics\graphic
s.sty"
Package: graphics 2019/11/01 v1.3d Standard LaTeX Graphics (DPC,SPQR)

("C:\Users\Manuela\AppData\Local\Programs\MiKTeX 2.9\tex/latex/graphics\trig.st
y"
Package: trig 2016/01/03 v1.10 sin cos tan (DPC)
)
("C:\Users\Manuela\AppData\Local\Programs\MiKTeX 2.9\tex/latex/graphics-cfg\gra
phics.cfg"
File: graphics.cfg 2016/06/04 v1.11 sample graphics configuration
)
Package graphics Info: Driver file: pdftex.def on input line 105.

("C:\Users\Manuela\AppData\Local\Programs\MiKTeX 2.9\tex/latex/graphics-def\pdf
tex.def"
File: pdftex.def 2018/01/08 v1.0l Graphics/color driver for pdftex
))
\Gin@req@height=\dimen103
\Gin@req@width=\dimen104
)
("C:\Users\Manuela\AppData\Local\Programs\MiKTeX 2.9\tex/latex/fancyhdr\fancyhd
r.sty"
Package: fancyhdr 2019/01/31 v3.10 Extensive control of page headers and footer
s
\f@nch@headwidth=\skip43
\f@nch@O@elh=\skip44
\f@nch@O@erh=\skip45
\f@nch@O@olh=\skip46
\f@nch@O@orh=\skip47
\f@nch@O@elf=\skip48
\f@nch@O@erf=\skip49
\f@nch@O@olf=\skip50
\f@nch@O@orf=\skip51
)
("C:\Users\Manuela\AppData\Local\Programs\MiKTeX 2.9\tex/latex/base\ifthen.sty"
Package: ifthen 2014/09/29 v1.1c Standard LaTeX ifthen package (DPC)
)
("C:\Users\Manuela\AppData\Local\Programs\MiKTeX 2.9\tex/generic/iftex\ifpdf.st
y"
Package: ifpdf 2019/10/25 v3.4 ifpdf legacy package. Use iftex instead.

("C:\Users\Manuela\AppData\Local\Programs\MiKTeX 2.9\tex/generic/iftex\iftex.st
y"
Package: iftex 2019/11/07 v1.0c TeX engine tests
)))
("C:\Users\Manuela\AppData\Local\Programs\MiKTeX 2.9\tex/generic/babel\babel.st
y"
Package: babel 2019/12/08 3.37 The Babel package

("C:\Users\Manuela\AppData\Local\Programs\MiKTeX 2.9\tex/generic/babel\switch.d
ef"
File: switch.def 2019/12/08 3.37 Babel switching mechanism
)
*************************************
* Local config file bblopts.cfg used
*

("C:\Users\Manuela\AppData\Local\Programs\MiKTeX 2.9\tex/latex/arabi\bblopts.cf
g"
File: bblopts.cfg 2005/09/08 v0.1 add Arabic and Farsi to "declared" options of
 babel
)
("C:\Users\Manuela\AppData\Local\Programs\MiKTeX 2.9\tex/latex/babel-italian\it
alian.ldf"
Language: italian 2019/11/16 v.1.4.03 Italian support for the babel system

("C:\Users\Manuela\AppData\Local\Programs\MiKTeX 2.9\tex/generic/babel\babel.de
f"
File: babel.def 2019/12/08 3.37 Babel common definitions
\babel@savecnt=\count89
\U@D=\dimen105

("C:\Users\Manuela\AppData\Local\Programs\MiKTeX 2.9\tex/generic/babel\txtbabel
.def")
\bbl@dirlevel=\count90
)
\it@lettering=\count91
\it@doublequoteactive=\count92
\it@ISOcompliance=\count93
))
("C:\Users\Manuela\AppData\Local\Programs\MiKTeX 2.9\tex/latex/etoolbox\etoolbo
x.sty"
Package: etoolbox 2019/09/21 v2.5h e-TeX tools for LaTeX (JAW)
\etb@tempcnta=\count94
)
("C:\Users\Manuela\AppData\Local\Programs\MiKTeX 2.9\tex/latex/base\inputenc.st
y"
Package: inputenc 2018/08/11 v1.3c Input encoding file
\inpenc@prehook=\toks15
\inpenc@posthook=\toks16

("C:\Users\Manuela\AppData\Local\Programs\MiKTeX 2.9\tex/latex/base\latin1.def"
File: latin1.def 2018/08/11 v1.3c Input encoding file
))
("C:\Users\Manuela\AppData\Local\Programs\MiKTeX 2.9\tex/latex/base\fontenc.sty
"
Package: fontenc 2018/08/11 v2.0j Standard LaTeX package
 ("C:\Users\Manuela\AppData\Local\Programs\MiKTeX 2.9\tex/latex/base\t1enc.def"
File: t1enc.def 2018/08/11 v2.0j Standard LaTeX file
LaTeX Font Info:    Redeclaring font encoding T1 on input line 48.
))
("C:\Users\Manuela\AppData\Local\Programs\MiKTeX 2.9\tex/latex/lm\lmodern.sty"
Package: lmodern 2009/10/30 v1.6 Latin Modern Fonts
LaTeX Font Info:    Overwriting symbol font `operators' in version `normal'
(Font)                  OT1/cmr/m/n --> OT1/lmr/m/n on input line 22.
LaTeX Font Info:    Overwriting symbol font `letters' in version `normal'
(Font)                  OML/cmm/m/it --> OML/lmm/m/it on input line 23.
LaTeX Font Info:    Overwriting symbol font `symbols' in version `normal'
(Font)                  OMS/cmsy/m/n --> OMS/lmsy/m/n on input line 24.
LaTeX Font Info:    Overwriting symbol font `largesymbols' in version `normal'
(Font)                  OMX/cmex/m/n --> OMX/lmex/m/n on input line 25.
LaTeX Font Info:    Overwriting symbol font `operators' in version `bold'
(Font)                  OT1/cmr/bx/n --> OT1/lmr/bx/n on input line 26.
LaTeX Font Info:    Overwriting symbol font `letters' in version `bold'
(Font)                  OML/cmm/b/it --> OML/lmm/b/it on input line 27.
LaTeX Font Info:    Overwriting symbol font `symbols' in version `bold'
(Font)                  OMS/cmsy/b/n --> OMS/lmsy/b/n on input line 28.
LaTeX Font Info:    Overwriting symbol font `largesymbols' in version `bold'
(Font)                  OMX/cmex/m/n --> OMX/lmex/m/n on input line 29.
LaTeX Font Info:    Overwriting math alphabet `\mathbf' in version `normal'
(Font)                  OT1/cmr/bx/n --> OT1/lmr/bx/n on input line 31.
LaTeX Font Info:    Overwriting math alphabet `\mathsf' in version `normal'
(Font)                  OT1/cmss/m/n --> OT1/lmss/m/n on input line 32.
LaTeX Font Info:    Overwriting math alphabet `\mathit' in version `normal'
(Font)                  OT1/cmr/m/it --> OT1/lmr/m/it on input line 33.
LaTeX Font Info:    Overwriting math alphabet `\mathtt' in version `normal'
(Font)                  OT1/cmtt/m/n --> OT1/lmtt/m/n on input line 34.
LaTeX Font Info:    Overwriting math alphabet `\mathbf' in version `bold'
(Font)                  OT1/cmr/bx/n --> OT1/lmr/bx/n on input line 35.
LaTeX Font Info:    Overwriting math alphabet `\mathsf' in version `bold'
(Font)                  OT1/cmss/bx/n --> OT1/lmss/bx/n on input line 36.
LaTeX Font Info:    Overwriting math alphabet `\mathit' in version `bold'
(Font)                  OT1/cmr/bx/it --> OT1/lmr/bx/it on input line 37.
LaTeX Font Info:    Overwriting math alphabet `\mathtt' in version `bold'
(Font)                  OT1/cmtt/m/n --> OT1/lmtt/m/n on input line 38.
)
("C:\Users\Manuela\AppData\Local\Programs\MiKTeX 2.9\tex/latex/amsmath\amsmath.
sty"
Package: amsmath 2019/11/16 v2.17d AMS math features
\@mathmargin=\skip52

For additional information on amsmath, use the `?' option.

("C:\Users\Manuela\AppData\Local\Programs\MiKTeX 2.9\tex/latex/amsmath\amstext.
sty"
Package: amstext 2000/06/29 v2.01 AMS text

("C:\Users\Manuela\AppData\Local\Programs\MiKTeX 2.9\tex/latex/amsmath\amsgen.s
ty"
File: amsgen.sty 1999/11/30 v2.0 generic functions
\@emptytoks=\toks17
\ex@=\dimen106
))
("C:\Users\Manuela\AppData\Local\Programs\MiKTeX 2.9\tex/latex/amsmath\amsbsy.s
ty"
Package: amsbsy 1999/11/29 v1.2d Bold Symbols
\pmbraise@=\dimen107
)
("C:\Users\Manuela\AppData\Local\Programs\MiKTeX 2.9\tex/latex/amsmath\amsopn.s
ty"
Package: amsopn 2016/03/08 v2.02 operator names
)
\inf@bad=\count95
LaTeX Info: Redefining \frac on input line 227.
\uproot@=\count96
\leftroot@=\count97
LaTeX Info: Redefining \overline on input line 389.
\classnum@=\count98
\DOTSCASE@=\count99
LaTeX Info: Redefining \ldots on input line 486.
LaTeX Info: Redefining \dots on input line 489.
LaTeX Info: Redefining \cdots on input line 610.
\Mathstrutbox@=\box27
\strutbox@=\box28
\big@size=\dimen108
LaTeX Font Info:    Redeclaring font encoding OML on input line 733.
LaTeX Font Info:    Redeclaring font encoding OMS on input line 734.
\macc@depth=\count100
\c@MaxMatrixCols=\count101
\dotsspace@=\muskip10
\c@parentequation=\count102
\dspbrk@lvl=\count103
\tag@help=\toks18
\row@=\count104
\column@=\count105
\maxfields@=\count106
\andhelp@=\toks19
\eqnshift@=\dimen109
\alignsep@=\dimen110
\tagshift@=\dimen111
\tagwidth@=\dimen112
\totwidth@=\dimen113
\lineht@=\dimen114
\@envbody=\toks20
\multlinegap=\skip53
\multlinetaggap=\skip54
\mathdisplay@stack=\toks21
LaTeX Info: Redefining \[ on input line 2858.
LaTeX Info: Redefining \] on input line 2859.
)
("C:\Users\Manuela\AppData\Local\Programs\MiKTeX 2.9\tex/latex/amsfonts\amsfont
s.sty"
Package: amsfonts 2013/01/14 v3.01 Basic AMSFonts support
\symAMSa=\mathgroup4
\symAMSb=\mathgroup5
LaTeX Font Info:    Redeclaring math symbol \hbar on input line 98.
LaTeX Font Info:    Overwriting math alphabet `\mathfrak' in version `bold'
(Font)                  U/euf/m/n --> U/euf/b/n on input line 106.
)
("C:\Users\Manuela\AppData\Local\Programs\MiKTeX 2.9\tex/latex/amsfonts\amssymb
.sty"
Package: amssymb 2013/01/14 v3.01 AMS font symbols
)
("C:\Users\Manuela\AppData\Local\Programs\MiKTeX 2.9\tex/latex/jknappen\mathrsf
s.sty"
Package: mathrsfs 1996/01/01 Math RSFS package v1.0 (jk)
\symrsfs=\mathgroup6
)
("C:\Users\Manuela\AppData\Local\Programs\MiKTeX 2.9\tex/latex/stmaryrd\stmaryr
d.sty"
Package: stmaryrd 1994/03/03 St Mary's Road symbol package
\symstmry=\mathgroup7
LaTeX Font Info:    Overwriting symbol font `stmry' in version `bold'
(Font)                  U/stmry/m/n --> U/stmry/b/n on input line 89.
)
("C:\Users\Manuela\AppData\Local\Programs\MiKTeX 2.9\tex/latex/base\latexsym.st
y"
Package: latexsym 1998/08/17 v2.2e Standard LaTeX package (lasy symbols)
\symlasy=\mathgroup8
LaTeX Font Info:    Overwriting symbol font `lasy' in version `bold'
(Font)                  U/lasy/m/n --> U/lasy/b/n on input line 52.
)
("C:\Users\Manuela\AppData\Local\Programs\MiKTeX 2.9\tex/latex/lkproof\proof.st
y"
\inferLineSkip=\dimen115
\inferLabelSkip=\dimen116
\@LeftOffset=\dimen117
\@RightOffset=\dimen118
\@SavedLeftOffset=\dimen119
\UpperWidth=\dimen120
\LowerWidth=\dimen121
\LowerHeight=\dimen122
\UpperLeftOffset=\dimen123
\UpperRightOffset=\dimen124
\UpperCenter=\dimen125
\LowerCenter=\dimen126
\UpperAdjust=\dimen127
\RuleAdjust=\dimen128
\LowerAdjust=\dimen129
\RuleWidth=\dimen130
\HLabelAdjust=\dimen131
\VLabelAdjust=\dimen132
\WidthAdjust=\dimen133
\@UpperPart=\box29
\@LowerPart=\box30
\@LabelPart=\box31
\ResultBox=\box32
)
("C:\Users\Manuela\AppData\Local\Programs\MiKTeX 2.9\tex/latex/graphics\epsfig.
sty"
Package: epsfig 2017/06/25 v1.7b (e)psfig emulation (SPQR)
\epsfxsize=\dimen134
\epsfysize=\dimen135
)
("C:\Users\Manuela\AppData\Local\Programs\MiKTeX 2.9\tex/latex/graphics\color.s
ty"
Package: color 2016/07/10 v1.1e Standard LaTeX Color (DPC)

("C:\Users\Manuela\AppData\Local\Programs\MiKTeX 2.9\tex/latex/graphics-cfg\col
or.cfg"
File: color.cfg 2016/01/02 v1.6 sample color configuration
)
Package color Info: Driver file: pdftex.def on input line 147.
)
("C:\Users\Manuela\AppData\Local\Programs\MiKTeX 2.9\tex/latex/float\float.sty"
Package: float 2001/11/08 v1.3d Float enhancements (AL)
\c@float@type=\count107
\float@exts=\toks22
\float@box=\box33
\@float@everytoks=\toks23
\@floatcapt=\box34
)
("C:\Users\Manuela\AppData\Local\Programs\MiKTeX 2.9\tex/latex/comment\comment.
sty"
\CommentStream=\write3
 Excluding comment 'comment')

LaTeX Warning: Unused global option(s):
    [singleside].

(tesi.aux (sorgenti/cap_1.aux

LaTeX Warning: Label `sez:problema' multiply defined.

) (sorgenti/cap_2.aux) (sorgenti/cap_3.aux) (sorgenti/cap_4.aux)
(sorgenti/cap_5.aux) (sorgenti/biblio.aux))
\openout1 = `tesi.aux'.

LaTeX Font Info:    Checking defaults for OML/cmm/m/it on input line 25.
LaTeX Font Info:    ... okay on input line 25.
LaTeX Font Info:    Checking defaults for T1/cmr/m/n on input line 25.
LaTeX Font Info:    ... okay on input line 25.
LaTeX Font Info:    Checking defaults for OT1/cmr/m/n on input line 25.
LaTeX Font Info:    ... okay on input line 25.
LaTeX Font Info:    Checking defaults for OMS/cmsy/m/n on input line 25.
LaTeX Font Info:    ... okay on input line 25.
LaTeX Font Info:    Checking defaults for OMX/cmex/m/n on input line 25.
LaTeX Font Info:    ... okay on input line 25.
LaTeX Font Info:    Checking defaults for U/cmr/m/n on input line 25.
LaTeX Font Info:    ... okay on input line 25.
LaTeX Font Info:    Trying to load font information for T1+lmr on input line 25
.

("C:\Users\Manuela\AppData\Local\Programs\MiKTeX 2.9\tex/latex/lm\t1lmr.fd"
File: t1lmr.fd 2009/10/30 v1.6 Font defs for Latin Modern
)
("C:\Users\Manuela\AppData\Local\Programs\MiKTeX 2.9\tex/context/base/mkii\supp
-pdf.mkii"
[Loading MPS to PDF converter (version 2006.09.02).]
\scratchcounter=\count108
\scratchdimen=\dimen136
\scratchbox=\box35
\nofMPsegments=\count109
\nofMParguments=\count110
\everyMPshowfont=\toks24
\MPscratchCnt=\count111
\MPscratchDim=\dimen137
\MPnumerator=\count112
\makeMPintoPDFobject=\count113
\everyMPtoPDFconversion=\toks25
)
("C:\Users\Manuela\AppData\Local\Programs\MiKTeX 2.9\tex/latex/epstopdf-pkg\eps
topdf-base.sty"
Package: epstopdf-base 2019/11/24 v2.7 Base part for package epstopdf

("C:\Users\Manuela\AppData\Local\Programs\MiKTeX 2.9\tex/generic/oberdiek\infwa
rerr.sty"
Package: infwarerr 2016/05/16 v1.4 Providing info/warning/error messages (HO)
)
("C:\Users\Manuela\AppData\Local\Programs\MiKTeX 2.9\tex/latex/oberdiek\grfext.
sty"
Package: grfext 2016/05/16 v1.2 Manage graphics extensions (HO)

("C:\Users\Manuela\AppData\Local\Programs\MiKTeX 2.9\tex/generic/oberdiek\kvdef
inekeys.sty"
Package: kvdefinekeys 2016/05/16 v1.4 Define keys (HO)

("C:\Users\Manuela\AppData\Local\Programs\MiKTeX 2.9\tex/generic/oberdiek\ltxcm
ds.sty"
Package: ltxcmds 2016/05/16 v1.23 LaTeX kernel commands for general use (HO)
)))
("C:\Users\Manuela\AppData\Local\Programs\MiKTeX 2.9\tex/latex/oberdiek\kvoptio
ns.sty"
Package: kvoptions 2016/05/16 v3.12 Key value format for package options (HO)

("C:\Users\Manuela\AppData\Local\Programs\MiKTeX 2.9\tex/generic/oberdiek\kvset
keys.sty"
Package: kvsetkeys 2016/05/16 v1.17 Key value parser (HO)

("C:\Users\Manuela\AppData\Local\Programs\MiKTeX 2.9\tex/generic/oberdiek\etexc
mds.sty"
Package: etexcmds 2016/05/16 v1.6 Avoid name clashes with e-TeX commands (HO)

("C:\Users\Manuela\AppData\Local\Programs\MiKTeX 2.9\tex/generic/iftex\ifluatex
.sty"
Package: ifluatex 2019/10/25 v1.5 ifluatex legacy package. Use iftex instead.
))))
("C:\Users\Manuela\AppData\Local\Programs\MiKTeX 2.9\tex/latex/pdftexcmds\pdfte
xcmds.sty"
Package: pdftexcmds 2019/11/24 v0.31 Utility functions of pdfTeX for LuaTeX (HO
)
Package pdftexcmds Info: \pdf@primitive is available.
Package pdftexcmds Info: \pdf@ifprimitive is available.
Package pdftexcmds Info: \pdfdraftmode found.
)
Package epstopdf-base Info: Redefining graphics rule for `.eps' on input line 4
42.
Package grfext Info: Graphics extension search list:
(grfext)             [.pdf,.png,.jpg,.mps,.jpeg,.jbig2,.jb2,.PDF,.PNG,.JPG,.JPE
G,.JBIG2,.JB2,.eps]
(grfext)             \AppendGraphicsExtensions on input line 460.
)
LaTeX Info: Redefining \it@ocap on input line 25.
LaTeX Info: Redefining \it@ccap on input line 25.
LaTeX Font Info:    Trying to load font information for OT1+lmr on input line 3
2.

("C:\Users\Manuela\AppData\Local\Programs\MiKTeX 2.9\tex/latex/lm\ot1lmr.fd"
File: ot1lmr.fd 2009/10/30 v1.6 Font defs for Latin Modern
)
LaTeX Font Info:    Trying to load font information for OML+lmm on input line 3
2.

("C:\Users\Manuela\AppData\Local\Programs\MiKTeX 2.9\tex/latex/lm\omllmm.fd"
File: omllmm.fd 2009/10/30 v1.6 Font defs for Latin Modern
)
LaTeX Font Info:    Trying to load font information for OMS+lmsy on input line 
32.

("C:\Users\Manuela\AppData\Local\Programs\MiKTeX 2.9\tex/latex/lm\omslmsy.fd"
File: omslmsy.fd 2009/10/30 v1.6 Font defs for Latin Modern
)
LaTeX Font Info:    Trying to load font information for OMX+lmex on input line 
32.

("C:\Users\Manuela\AppData\Local\Programs\MiKTeX 2.9\tex/latex/lm\omxlmex.fd"
File: omxlmex.fd 2009/10/30 v1.6 Font defs for Latin Modern
)
LaTeX Font Info:    External font `lmex10' loaded for size
(Font)              <10.95> on input line 32.
LaTeX Font Info:    External font `lmex10' loaded for size
(Font)              <8> on input line 32.
LaTeX Font Info:    External font `lmex10' loaded for size
(Font)              <6> on input line 32.
LaTeX Font Info:    Trying to load font information for U+msa on input line 32.


("C:\Users\Manuela\AppData\Local\Programs\MiKTeX 2.9\tex/latex/amsfonts\umsa.fd
"
File: umsa.fd 2013/01/14 v3.01 AMS symbols A
)
LaTeX Font Info:    Trying to load font information for U+msb on input line 32.


("C:\Users\Manuela\AppData\Local\Programs\MiKTeX 2.9\tex/latex/amsfonts\umsb.fd
"
File: umsb.fd 2013/01/14 v3.01 AMS symbols B
)
LaTeX Font Info:    Trying to load font information for U+rsfs on input line 32
.

("C:\Users\Manuela\AppData\Local\Programs\MiKTeX 2.9\tex/latex/jknappen\ursfs.f
d"
File: ursfs.fd 1998/03/24 rsfs font definition file (jk)
)
LaTeX Font Info:    Trying to load font information for U+stmry on input line 3
2.

("C:\Users\Manuela\AppData\Local\Programs\MiKTeX 2.9\tex/latex/stmaryrd\ustmry.
fd")
LaTeX Font Info:    Trying to load font information for U+lasy on input line 32
.

("C:\Users\Manuela\AppData\Local\Programs\MiKTeX 2.9\tex/latex/base\ulasy.fd"
File: ulasy.fd 1998/08/17 v2.2e LaTeX symbol font definitions
)
<logo-uniurb-2016.jpg, id=1, 595.22375pt x 314.17375pt>
File: logo-uniurb-2016.jpg Graphic file (type jpg)
<use logo-uniurb-2016.jpg>
Package pdftex.def Info: logo-uniurb-2016.jpg  used on input line 32.
(pdftex.def)             Requested size: 172.4924pt x 91.04872pt.

Overfull \hbox (17.0pt too wide) in paragraph at lines 32--32
[]$[]$ 
 []

[1

{C:/Users/Manuela/AppData/Local/MiKTeX/2.9/pdftex/config/pdftex.map} <./logo-un
iurb-2016.jpg>] [2

] (tesi.toc)
\tf@toc=\write4
\openout4 = `tesi.toc'.

 [3


] (tesi.lof)
\tf@lof=\write5
\openout5 = `tesi.lof'.

 [4

]
\openout2 = `sorgenti/cap_1.aux'.

 (sorgenti/cap_1.tex
Capitolo 1.
[1



]

Package Fancyhdr Warning: \headheight is too small (12.0pt): 
Make it at least 13.59999pt.
We now make it that large for the rest of the document.
This may cause the page layout to be inconsistent, however.

[2]
<figure/DotNetImplementations.png, id=25, 1586.92876pt x 856.19875pt>
File: figure/DotNetImplementations.png Graphic file (type png)
<use figure/DotNetImplementations.png>
Package pdftex.def Info: figure/DotNetImplementations.png  used on input line 3
4.
(pdftex.def)             Requested size: 317.38013pt x 171.23671pt.
<figure/DotNetFrameworkCapabilities.png, id=27, 1028.34187pt x 382.42876pt>
File: figure/DotNetFrameworkCapabilities.png Graphic file (type png)
<use figure/DotNetFrameworkCapabilities.png>
Package pdftex.def Info: figure/DotNetFrameworkCapabilities.png  used on input 
line 43.
(pdftex.def)             Requested size: 359.92505pt x 133.85207pt.
 [3 <./figure/DotNetImplementations.png> <./figure/DotNetFrameworkCapabilities.
png>]

LaTeX Warning: Citation `blazorWikiGitHub' on page 4 undefined on input line 51
.


Overfull \hbox (8.2689pt too wide) in paragraph at lines 51--53
\T1/lmr/m/n/10.95 Ecco co-sa è quin-di Bla-zor: la ver-sio-ne piú avan-za-ta di
 Razor(Browser+Razor[[]]),
 []

) [4]
\openout2 = `sorgenti/cap_2.aux'.

 (sorgenti/cap_2.tex
Capitolo 2.
<figure/blazor-server.png, id=37, 373.8768pt x 159.9576pt>
File: figure/blazor-server.png Graphic file (type png)
<use figure/blazor-server.png>
Package pdftex.def Info: figure/blazor-server.png  used on input line 11.
(pdftex.def)             Requested size: 224.3278pt x 95.97528pt.
[5



 <./figure/blazor-server.png>]
<figure/BlazorPong.PNG, id=42, 1017.04968pt x 505.13719pt>
File: figure/BlazorPong.PNG Graphic file (type png)
<use figure/BlazorPong.PNG>
Package pdftex.def Info: figure/BlazorPong.PNG  used on input line 29.
(pdftex.def)             Requested size: 305.11725pt x 151.54233pt.
 [6 <./figure/BlazorPong.PNG>] [7]
<figure/blazor-WebAssembly.png, id=50, 173.448pt x 159.9576pt>
File: figure/blazor-WebAssembly.png Graphic file (type png)
<use figure/blazor-WebAssembly.png>
Package pdftex.def Info: figure/blazor-WebAssembly.png  used on input line 63.
(pdftex.def)             Requested size: 104.0696pt x 95.97528pt.
<figure/WasmVSJavascript.PNG, id=51, 407.27156pt x 231.11343pt>
File: figure/WasmVSJavascript.PNG Graphic file (type png)
<use figure/WasmVSJavascript.PNG>
Package pdftex.def Info: figure/WasmVSJavascript.PNG  used on input line 82.
(pdftex.def)             Requested size: 285.08813pt x 161.77829pt.
 [8 <./figure/blazor-WebAssembly.png>]
<figure/ProgressiveWebApp.png, id=56, 595.47469pt x 309.40594pt>
File: figure/ProgressiveWebApp.png Graphic file (type png)
<use figure/ProgressiveWebApp.png>
Package pdftex.def Info: figure/ProgressiveWebApp.png  used on input line 100.
(pdftex.def)             Requested size: 297.7366pt x 154.70259pt.
 [9 <./figure/WasmVSJavascript.PNG>] [10 <./figure/ProgressiveWebApp.png>]
<figure/BlazorWeatherElectron.png, id=66, 526.96875pt x 396.7322pt>
File: figure/BlazorWeatherElectron.png Graphic file (type png)
<use figure/BlazorWeatherElectron.png>
Package pdftex.def Info: figure/BlazorWeatherElectron.png  used on input line 1
24.
(pdftex.def)             Requested size: 316.18369pt x 238.04114pt.

Overfull \hbox (34.25986pt too wide) in paragraph at lines 129--131
\T1/lmr/m/n/10.95 https://github.com/danroth27/BlazorWeather/tree/master/Blazor
Weather.Electron
 []

[11 <./figure/BlazorWeatherElectron.png>]
<figure/RazorFile.png, id=71, 473.51906pt x 262.73157pt>
File: figure/RazorFile.png Graphic file (type png)
<use figure/RazorFile.png>
Package pdftex.def Info: figure/RazorFile.png  used on input line 145.
(pdftex.def)             Requested size: 331.46106pt x 183.91083pt.
<figure/RazorFileCompiled.PNG, id=72, 472.76625pt x 213.04594pt>
File: figure/RazorFileCompiled.PNG Graphic file (type png)
<use figure/RazorFileCompiled.PNG>
Package pdftex.def Info: figure/RazorFileCompiled.PNG  used on input line 153.
(pdftex.def)             Requested size: 354.5738pt x 159.78406pt.
 [12 <./figure/RazorFile.png>]
<figure/BlazorPrimitives.PNG, id=77, 438.13687pt x 277.78781pt>
File: figure/BlazorPrimitives.PNG Graphic file (type png)
<use figure/BlazorPrimitives.PNG>
Package pdftex.def Info: figure/BlazorPrimitives.PNG  used on input line 162.
(pdftex.def)             Requested size: 306.69371pt x 194.45012pt.

[13 <./figure/RazorFileCompiled.PNG> <./figure/BlazorPrimitives.PNG>]) [14]
\openout2 = `sorgenti/cap_3.aux'.


(sorgenti/cap_3.tex
Capitolo 3.
[15



]) [16]
\openout2 = `sorgenti/cap_4.aux'.

 (sorgenti/cap_4.tex
Capitolo 4.
) [17



]
\openout2 = `sorgenti/cap_5.aux'.

 (sorgenti/cap_5.tex)
\openout2 = `sorgenti/biblio.aux'.

 (sorgenti/biblio.tex
Underfull \hbox (badness 4967) in paragraph at lines 4--6
[]\T1/lmr/m/n/10.95 M. Wa-nyoi-ke, Di-spo-ni-bi-le: https://blog.logrocket.com/
history-of-
 []


Underfull \hbox (badness 3635) in paragraph at lines 54--55
[]\T1/lmr/m/n/10.95 Disponibile: https://github.com/aspnet/Blazor/wiki/FAQ#q-wh
ere-
 []

) [18





]
! Undefined control sequence.
l.49 \ringraziamentiS
                     
The control sequence at the end of the top line
of your error message was never \def'ed. If you have
misspelled it (e.g., `\hobx'), type `I' and the correct
spelling (e.g., `I\hbox'). Otherwise just continue,
and I'll forget about whatever was undefined.

[19

] (tesi.aux (sorgenti/cap_1.aux) (sorgenti/cap_2.aux) (sorgenti/cap_3.aux)
(sorgenti/cap_4.aux) (sorgenti/cap_5.aux) (sorgenti/biblio.aux))

LaTeX Warning: There were undefined references.


LaTeX Warning: There were multiply-defined labels.

 ) 
Here is how much of TeX's memory you used:
 4990 strings out of 492483
 70714 string characters out of 3120682
 139986 words of memory out of 3000000
 9122 multiletter control sequences out of 15000+200000
 48394 words of font info for 51 fonts, out of 3000000 for 9000
 1141 hyphenation exceptions out of 8191
 51i,12n,49p,800b,337s stack positions out of 5000i,500n,10000p,200000b,50000s
{C:/Users/Manuela/AppData/Local/Programs/MiKTeX 2.9/fonts/enc/dvips/lm/lm-ec.
enc}<C:/Users/Manuela/AppData/Local/Programs/MiKTeX 2.9/fonts/type1/public/lm/l
mbx10.pfb><C:/Users/Manuela/AppData/Local/Programs/MiKTeX 2.9/fonts/type1/publi
c/lm/lmbx12.pfb><C:/Users/Manuela/AppData/Local/Programs/MiKTeX 2.9/fonts/type1
/public/lm/lmr10.pfb><C:/Users/Manuela/AppData/Local/Programs/MiKTeX 2.9/fonts/
type1/public/lm/lmr12.pfb>
Output written on tesi.pdf (23 pages, 1635862 bytes).
PDF statistics:
 117 PDF objects out of 1000 (max. 8388607)
 0 named destinations out of 1000 (max. 500000)
 61 words of extra memory for PDF output out of 10000 (max. 10000000)

